<?xml version="1.0" encoding="UTF-8"?>
<!-- Generated by org.testng.reporters.JUnitXMLReporter -->
<testsuite ignored="0" hostname="DESKTOP-N1V07OH" failures="0" tests="2" name="Default test" time="36.006" errors="0" timestamp="2025-06-09T00:38:39 IST">
  <testcase classname="tests.CancelLeaveTest" name="testLoginSuccess" time="11.334">
    <skipped/>
  </testcase> <!-- testLoginSuccess -->
  <testcase classname="tests.CancelLeaveTest" name="testLoginSuccess" time="11.261"/>
</testsuite> <!-- Default test -->
