<?xml version="1.0" encoding="UTF-8"?>
<!-- Generated by org.testng.reporters.JUnitXMLReporter -->
<testsuite ignored="0" hostname="DESKTOP-N1V07OH" failures="0" tests="3" name="Test" time="74.85" errors="0" timestamp="2025-06-09T00:40:32 IST">
  <testcase classname="tests.CancelLeaveTest" name="testLoginSuccess" time="25.473"/>
  <testcase classname="tests.LoginTest" name="testLoginSuccess" time="2.892"/>
  <testcase classname="tests.ApplyLeaveTest" name="testLoginSuccess" time="29.142"/>
</testsuite> <!-- Test -->
