<?xml version="1.0" encoding="UTF-8"?>
<testng-results ignored="0" total="3" passed="3" failed="0" skipped="0">
  <reporter-output>
  </reporter-output>
  <suite started-at="2025-06-09T00:39:17 IST" name="Suite" finished-at="2025-06-09T00:40:32 IST" duration-ms="74850">
    <groups>
    </groups>
    <test started-at="2025-06-09T00:39:17 IST" name="Test" finished-at="2025-06-09T00:40:32 IST" duration-ms="74850">
      <class name="tests.LoginTest">
        <test-method is-config="true" signature="launchApplication()[pri:0, instance:tests.LoginTest@2cd76f31]" started-at="2025-06-09T00:39:49 IST" name="launchApplication" finished-at="2025-06-09T00:39:54 IST" duration-ms="5205" status="PASS">
          <reporter-output>
          </reporter-output>
        </test-method> <!-- launchApplication -->
        <test-method signature="testLoginSuccess()[pri:0, instance:tests.LoginTest@2cd76f31]" started-at="2025-06-09T00:39:54 IST" name="testLoginSuccess" finished-at="2025-06-09T00:39:57 IST" duration-ms="2892" status="PASS">
          <reporter-output>
          </reporter-output>
        </test-method> <!-- testLoginSuccess -->
        <test-method is-config="true" signature="tearDown()[pri:0, instance:tests.LoginTest@2cd76f31]" started-at="2025-06-09T00:39:57 IST" name="tearDown" finished-at="2025-06-09T00:39:57 IST" duration-ms="124" status="PASS">
          <reporter-output>
          </reporter-output>
        </test-method> <!-- tearDown -->
      </class> <!-- tests.LoginTest -->
      <class name="tests.CancelLeaveTest">
        <test-method is-config="true" signature="launchApplication()[pri:0, instance:tests.CancelLeaveTest@dd05255]" started-at="2025-06-09T00:39:17 IST" name="launchApplication" finished-at="2025-06-09T00:39:23 IST" duration-ms="6589" status="PASS">
          <reporter-output>
          </reporter-output>
        </test-method> <!-- launchApplication -->
        <test-method signature="testLoginSuccess()[pri:0, instance:tests.CancelLeaveTest@dd05255]" started-at="2025-06-09T00:39:23 IST" name="testLoginSuccess" finished-at="2025-06-09T00:39:49 IST" duration-ms="25473" status="PASS">
          <reporter-output>
          </reporter-output>
        </test-method> <!-- testLoginSuccess -->
        <test-method is-config="true" signature="tearDown()[pri:0, instance:tests.CancelLeaveTest@dd05255]" started-at="2025-06-09T00:39:49 IST" name="tearDown" finished-at="2025-06-09T00:39:49 IST" duration-ms="170" status="PASS">
          <reporter-output>
          </reporter-output>
        </test-method> <!-- tearDown -->
      </class> <!-- tests.CancelLeaveTest -->
      <class name="tests.ApplyLeaveTest">
        <test-method is-config="true" signature="launchApplication()[pri:0, instance:tests.ApplyLeaveTest@367ffa75]" started-at="2025-06-09T00:39:57 IST" name="launchApplication" finished-at="2025-06-09T00:40:02 IST" duration-ms="4953" status="PASS">
          <reporter-output>
          </reporter-output>
        </test-method> <!-- launchApplication -->
        <test-method signature="testLoginSuccess()[pri:0, instance:tests.ApplyLeaveTest@367ffa75]" started-at="2025-06-09T00:40:02 IST" name="testLoginSuccess" finished-at="2025-06-09T00:40:31 IST" duration-ms="29142" status="PASS">
          <reporter-output>
          </reporter-output>
        </test-method> <!-- testLoginSuccess -->
        <test-method is-config="true" signature="tearDown()[pri:0, instance:tests.ApplyLeaveTest@367ffa75]" started-at="2025-06-09T00:40:31 IST" name="tearDown" finished-at="2025-06-09T00:40:32 IST" duration-ms="199" status="PASS">
          <reporter-output>
          </reporter-output>
        </test-method> <!-- tearDown -->
      </class> <!-- tests.ApplyLeaveTest -->
    </test> <!-- Test -->
  </suite> <!-- Suite -->
</testng-results>
